2018-03-04 15:17:05 - PHP Warning:  mysqli::__construct(): (HY000/1049): Unknown database 'ecommerce' in /var/www/main/apps/ecommerce/system/library/db/mysqli.php on line 7
2018-03-04 15:17:05 - PHP Warning:  DB\MySQLi::__construct(): Couldn't fetch mysqli in /var/www/main/apps/ecommerce/system/library/db/mysqli.php on line 10
2018-03-04 15:17:05 - PHP Warning:  DB\MySQLi::__construct(): Couldn't fetch mysqli in /var/www/main/apps/ecommerce/system/library/db/mysqli.php on line 10
2018-03-16 14:05:59 - PHP Warning:  mysqli::__construct(): (HY000/1049): Unknown database 'app-ecommerce' in /var/www/main/apps/ecommerce/system/library/db/mysqli.php on line 7
2018-03-16 14:05:59 - PHP Warning:  DB\MySQLi::__construct(): Couldn't fetch mysqli in /var/www/main/apps/ecommerce/system/library/db/mysqli.php on line 10
2018-03-16 14:05:59 - PHP Warning:  DB\MySQLi::__construct(): Couldn't fetch mysqli in /var/www/main/apps/ecommerce/system/library/db/mysqli.php on line 10
2018-04-26 11:24:07 - PHP Warning:  unlink(/var/www/main/apps/ecommerce/system/storage/cache/cache.catalog.language.1524666180): Permission denied in /var/www/main/apps/ecommerce/system/library/cache/file.php on line 17
2018-04-26 11:24:07 - PHP Warning:  unlink(/var/www/main/apps/ecommerce/system/storage/cache/cache.currency.1524664471): Permission denied in /var/www/main/apps/ecommerce/system/library/cache/file.php on line 17
2018-04-26 11:24:07 - PHP Warning:  unlink(/var/www/main/apps/ecommerce/system/storage/cache/cache.catalog.language.1524666180): Permission denied in /var/www/main/apps/ecommerce/system/library/cache/file.php on line 68
2018-04-26 11:24:07 - PHP Warning:  fopen(/var/www/main/apps/ecommerce/system/storage/cache/cache.catalog.language.1524745447): failed to open stream: Permission denied in /var/www/main/apps/ecommerce/system/library/cache/file.php on line 49
2018-04-26 11:24:07 - PHP Warning:  flock() expects parameter 1 to be resource, boolean given in /var/www/main/apps/ecommerce/system/library/cache/file.php on line 51
2018-04-26 11:24:07 - PHP Warning:  fwrite() expects parameter 1 to be resource, boolean given in /var/www/main/apps/ecommerce/system/library/cache/file.php on line 53
2018-04-26 11:24:07 - PHP Warning:  fflush() expects parameter 1 to be resource, boolean given in /var/www/main/apps/ecommerce/system/library/cache/file.php on line 55
2018-04-26 11:24:07 - PHP Warning:  flock() expects parameter 1 to be resource, boolean given in /var/www/main/apps/ecommerce/system/library/cache/file.php on line 57
2018-04-26 11:24:07 - PHP Warning:  fclose() expects parameter 1 to be resource, boolean given in /var/www/main/apps/ecommerce/system/library/cache/file.php on line 59
2018-04-26 11:24:07 - PHP Warning:  unlink(/var/www/main/apps/ecommerce/system/storage/cache/cache.catalog.language.1524666180): Permission denied in /var/www/main/apps/ecommerce/system/library/cache/file.php on line 68
2018-04-26 11:24:07 - PHP Warning:  fopen(/var/www/main/apps/ecommerce/system/storage/cache/cache.catalog.language.1524745447): failed to open stream: Permission denied in /var/www/main/apps/ecommerce/system/library/cache/file.php on line 49
2018-04-26 11:24:07 - PHP Warning:  flock() expects parameter 1 to be resource, boolean given in /var/www/main/apps/ecommerce/system/library/cache/file.php on line 51
2018-04-26 11:24:07 - PHP Warning:  fwrite() expects parameter 1 to be resource, boolean given in /var/www/main/apps/ecommerce/system/library/cache/file.php on line 53
2018-04-26 11:24:07 - PHP Warning:  fflush() expects parameter 1 to be resource, boolean given in /var/www/main/apps/ecommerce/system/library/cache/file.php on line 55
2018-04-26 11:24:07 - PHP Warning:  flock() expects parameter 1 to be resource, boolean given in /var/www/main/apps/ecommerce/system/library/cache/file.php on line 57
2018-04-26 11:24:07 - PHP Warning:  fclose() expects parameter 1 to be resource, boolean given in /var/www/main/apps/ecommerce/system/library/cache/file.php on line 59
2018-04-26 11:24:10 - PHP Warning:  unlink(/var/www/main/apps/ecommerce/system/storage/cache/cache.catalog.language.1524666180): Permission denied in /var/www/main/apps/ecommerce/system/library/cache/file.php on line 17
2018-04-26 11:24:10 - PHP Warning:  unlink(/var/www/main/apps/ecommerce/system/storage/cache/cache.currency.1524664471): Permission denied in /var/www/main/apps/ecommerce/system/library/cache/file.php on line 17
2018-04-26 11:24:11 - PHP Warning:  unlink(/var/www/main/apps/ecommerce/system/storage/cache/cache.catalog.language.1524666180): Permission denied in /var/www/main/apps/ecommerce/system/library/cache/file.php on line 68
2018-04-26 11:24:11 - PHP Warning:  fopen(/var/www/main/apps/ecommerce/system/storage/cache/cache.catalog.language.1524745451): failed to open stream: Permission denied in /var/www/main/apps/ecommerce/system/library/cache/file.php on line 49
2018-04-26 11:24:11 - PHP Warning:  flock() expects parameter 1 to be resource, boolean given in /var/www/main/apps/ecommerce/system/library/cache/file.php on line 51
2018-04-26 11:24:11 - PHP Warning:  fwrite() expects parameter 1 to be resource, boolean given in /var/www/main/apps/ecommerce/system/library/cache/file.php on line 53
2018-04-26 11:24:11 - PHP Warning:  fflush() expects parameter 1 to be resource, boolean given in /var/www/main/apps/ecommerce/system/library/cache/file.php on line 55
2018-04-26 11:24:11 - PHP Warning:  flock() expects parameter 1 to be resource, boolean given in /var/www/main/apps/ecommerce/system/library/cache/file.php on line 57
2018-04-26 11:24:11 - PHP Warning:  fclose() expects parameter 1 to be resource, boolean given in /var/www/main/apps/ecommerce/system/library/cache/file.php on line 59
2018-04-26 11:24:11 - PHP Warning:  unlink(/var/www/main/apps/ecommerce/system/storage/cache/cache.catalog.language.1524666180): Permission denied in /var/www/main/apps/ecommerce/system/library/cache/file.php on line 68
2018-04-26 11:24:11 - PHP Warning:  fopen(/var/www/main/apps/ecommerce/system/storage/cache/cache.catalog.language.1524745451): failed to open stream: Permission denied in /var/www/main/apps/ecommerce/system/library/cache/file.php on line 49
2018-04-26 11:24:11 - PHP Warning:  flock() expects parameter 1 to be resource, boolean given in /var/www/main/apps/ecommerce/system/library/cache/file.php on line 51
2018-04-26 11:24:11 - PHP Warning:  fwrite() expects parameter 1 to be resource, boolean given in /var/www/main/apps/ecommerce/system/library/cache/file.php on line 53
2018-04-26 11:24:11 - PHP Warning:  fflush() expects parameter 1 to be resource, boolean given in /var/www/main/apps/ecommerce/system/library/cache/file.php on line 55
2018-04-26 11:24:11 - PHP Warning:  flock() expects parameter 1 to be resource, boolean given in /var/www/main/apps/ecommerce/system/library/cache/file.php on line 57
2018-04-26 11:24:11 - PHP Warning:  fclose() expects parameter 1 to be resource, boolean given in /var/www/main/apps/ecommerce/system/library/cache/file.php on line 59
2018-04-26 16:47:47 - PHP Warning:  unlink(/var/www/main/apps/ecommerce/system/storage/cache/cache.catalog.language.1524750300): No such file or directory in /var/www/main/apps/ecommerce/system/library/cache/file.php on line 17
2018-05-01 12:59:09 - PHP Warning:  unlink(/var/www/main/apps/ecommerce/system/storage/cache/cache.catalog.language.1525183139): No such file or directory in /var/www/main/apps/ecommerce/system/library/cache/file.php on line 68
